<?xml version="1.0" encoding="UTF-8"?>
<!-- Generated by org.testng.reporters.JUnitReportReporter -->
<testsuite skipped="0" hostname="impact-PC" name="TestNGPackage.TestConnect" tests="1" failures="0" timestamp="18 Sep 2019 08:28:33 GMT" time="0.082" errors="0">
  <testcase name="LoginTesting" time="0.082" classname="TestNGPackage.TestConnect"/>
</testsuite> <!-- TestNGPackage.TestConnect -->
