<?xml version="1.0" encoding="UTF-8"?>
<!-- Generated by org.testng.reporters.JUnitReportReporter -->
<testsuite skipped="0" hostname="impact-PC" name="TestNGPackage.DataProviderTest" tests="2" failures="0" timestamp="17 Sep 2019 10:23:27 GMT" time="0.013" errors="0">
  <testcase name="f" time="0.002" classname="TestNGPackage.DataProviderTest"/>
  <testcase name="f" time="0.011" classname="TestNGPackage.DataProviderTest"/>
</testsuite> <!-- TestNGPackage.DataProviderTest -->
